Added Component: Designator=IC?(SOP65P640X120-14N)
Add component. Clean all parameters for all variants
Add component (AddParameter): Name = "Datasheet Link"; Value = "http://www.ti.com/lit/ds/symlink/lm2700.pdf"; VariantName = "[No Variations]"
Add component (AddParameter): Name = "Height"; Value = "1.2mm"; VariantName = "[No Variations]"
Add component (AddParameter): Name = "Manufacturer_Name"; Value = "Texas Instruments"; VariantName = "[No Variations]"
Add component (AddParameter): Name = "Manufacturer_Part_Number"; Value = "LM2700MT-ADJ"; VariantName = "[No Variations]"
Add component (AddParameter): Name = "Mouser Part Number"; Value = "926-LM2700MT-ADJ"; VariantName = "[No Variations]"
Add component (AddParameter): Name = "Mouser Price/Stock"; Value = "https://www.mouser.com/Search/Refine.aspx?Keyword=926-LM2700MT-ADJ"; VariantName = "[No Variations]"
Add component (AddParameter): Name = "RS Part Number"; Value = "4432079"; VariantName = "[No Variations]"
Add component (AddParameter): Name = "RS Price/Stock"; Value = "http://uk.rs-online.com/web/p/products/4432079"; VariantName = "[No Variations]"
Added Component: Designator=J1(PIN-2-2.54-1.0)
Add component. Clean all parameters for all variants
Added Component: Designator=J2(PIN-2-2.54-1.0)
Add component. Clean all parameters for all variants
Added Pin To Net: NetName=GND Pin=J1-1
Added Pin To Net: NetName=GND Pin=J2-1
Added Net: Name=GND
Added Pin To Net: NetName=in Pin=IC?-12
Added Pin To Net: NetName=in Pin=J1-2
Added Net: Name=in
Added Pin To Net: NetName=out Pin=IC?-2
Added Pin To Net: NetName=out Pin=J2-2
Added Net: Name=out
Added Class: Name=lm2700
Added Room: Name=lm2700
